Determining if the Q_WS_WIN exist failed with the following output:
Change Dir: /home/monumentum/package/cc-upstream/build/CMakeFiles/CMakeTmp

Run Build Command:/usr/bin/make "cmTryCompileExec2702077070/fast"
/usr/bin/make -f CMakeFiles/cmTryCompileExec2702077070.dir/build.make CMakeFiles/cmTryCompileExec2702077070.dir/build
make[1]: entrant dans le répertoire « /home/monumentum/package/cc-upstream/build/CMakeFiles/CMakeTmp »
/usr/bin/cmake -E cmake_progress_report /home/monumentum/package/cc-upstream/build/CMakeFiles/CMakeTmp/CMakeFiles 1
Building CXX object CMakeFiles/cmTryCompileExec2702077070.dir/CheckSymbolExists.cxx.o
/usr/bin/c++    -fPIC  -I/usr/include/qt4    -o CMakeFiles/cmTryCompileExec2702077070.dir/CheckSymbolExists.cxx.o -c /home/monumentum/package/cc-upstream/build/CMakeFiles/CMakeTmp/CheckSymbolExists.cxx
/home/monumentum/package/cc-upstream/build/CMakeFiles/CMakeTmp/CheckSymbolExists.cxx: In function ‘int main(int, char**)’:
/home/monumentum/package/cc-upstream/build/CMakeFiles/CMakeTmp/CheckSymbolExists.cxx:8:19: error: ‘Q_WS_WIN’ was not declared in this scope
   return ((int*)(&Q_WS_WIN))[argc];
                   ^
make[1]: *** [CMakeFiles/cmTryCompileExec2702077070.dir/CheckSymbolExists.cxx.o] Erreur 1
make[1]: quittant le répertoire « /home/monumentum/package/cc-upstream/build/CMakeFiles/CMakeTmp »
make: *** [cmTryCompileExec2702077070/fast] Erreur 2

File /home/monumentum/package/cc-upstream/build/CMakeFiles/CMakeTmp/CheckSymbolExists.cxx:
/* */
#include <QtCore/qglobal.h>

int main(int argc, char** argv)
{
  (void)argv;
#ifndef Q_WS_WIN
  return ((int*)(&Q_WS_WIN))[argc];
#else
  (void)argc;
  return 0;
#endif
}

Determining if the Q_WS_QWS exist failed with the following output:
Change Dir: /home/monumentum/package/cc-upstream/build/CMakeFiles/CMakeTmp

Run Build Command:/usr/bin/make "cmTryCompileExec2284631256/fast"
/usr/bin/make -f CMakeFiles/cmTryCompileExec2284631256.dir/build.make CMakeFiles/cmTryCompileExec2284631256.dir/build
make[1]: entrant dans le répertoire « /home/monumentum/package/cc-upstream/build/CMakeFiles/CMakeTmp »
/usr/bin/cmake -E cmake_progress_report /home/monumentum/package/cc-upstream/build/CMakeFiles/CMakeTmp/CMakeFiles 1
Building CXX object CMakeFiles/cmTryCompileExec2284631256.dir/CheckSymbolExists.cxx.o
/usr/bin/c++    -fPIC  -I/usr/include/qt4    -o CMakeFiles/cmTryCompileExec2284631256.dir/CheckSymbolExists.cxx.o -c /home/monumentum/package/cc-upstream/build/CMakeFiles/CMakeTmp/CheckSymbolExists.cxx
/home/monumentum/package/cc-upstream/build/CMakeFiles/CMakeTmp/CheckSymbolExists.cxx: In function ‘int main(int, char**)’:
/home/monumentum/package/cc-upstream/build/CMakeFiles/CMakeTmp/CheckSymbolExists.cxx:8:19: error: ‘Q_WS_QWS’ was not declared in this scope
   return ((int*)(&Q_WS_QWS))[argc];
                   ^
make[1]: *** [CMakeFiles/cmTryCompileExec2284631256.dir/CheckSymbolExists.cxx.o] Erreur 1
make[1]: quittant le répertoire « /home/monumentum/package/cc-upstream/build/CMakeFiles/CMakeTmp »
make: *** [cmTryCompileExec2284631256/fast] Erreur 2

File /home/monumentum/package/cc-upstream/build/CMakeFiles/CMakeTmp/CheckSymbolExists.cxx:
/* */
#include <QtCore/qglobal.h>

int main(int argc, char** argv)
{
  (void)argv;
#ifndef Q_WS_QWS
  return ((int*)(&Q_WS_QWS))[argc];
#else
  (void)argc;
  return 0;
#endif
}

Determining if the Q_WS_MAC exist failed with the following output:
Change Dir: /home/monumentum/package/cc-upstream/build/CMakeFiles/CMakeTmp

Run Build Command:/usr/bin/make "cmTryCompileExec886099558/fast"
/usr/bin/make -f CMakeFiles/cmTryCompileExec886099558.dir/build.make CMakeFiles/cmTryCompileExec886099558.dir/build
make[1]: entrant dans le répertoire « /home/monumentum/package/cc-upstream/build/CMakeFiles/CMakeTmp »
/usr/bin/cmake -E cmake_progress_report /home/monumentum/package/cc-upstream/build/CMakeFiles/CMakeTmp/CMakeFiles 1
Building CXX object CMakeFiles/cmTryCompileExec886099558.dir/CheckSymbolExists.cxx.o
/usr/bin/c++    -fPIC  -I/usr/include/qt4    -o CMakeFiles/cmTryCompileExec886099558.dir/CheckSymbolExists.cxx.o -c /home/monumentum/package/cc-upstream/build/CMakeFiles/CMakeTmp/CheckSymbolExists.cxx
/home/monumentum/package/cc-upstream/build/CMakeFiles/CMakeTmp/CheckSymbolExists.cxx: In function ‘int main(int, char**)’:
/home/monumentum/package/cc-upstream/build/CMakeFiles/CMakeTmp/CheckSymbolExists.cxx:8:19: error: ‘Q_WS_MAC’ was not declared in this scope
   return ((int*)(&Q_WS_MAC))[argc];
                   ^
make[1]: *** [CMakeFiles/cmTryCompileExec886099558.dir/CheckSymbolExists.cxx.o] Erreur 1
make[1]: quittant le répertoire « /home/monumentum/package/cc-upstream/build/CMakeFiles/CMakeTmp »
make: *** [cmTryCompileExec886099558/fast] Erreur 2

File /home/monumentum/package/cc-upstream/build/CMakeFiles/CMakeTmp/CheckSymbolExists.cxx:
/* */
#include <QtCore/qglobal.h>

int main(int argc, char** argv)
{
  (void)argv;
#ifndef Q_WS_MAC
  return ((int*)(&Q_WS_MAC))[argc];
#else
  (void)argc;
  return 0;
#endif
}

